c:\users\colla\onedrive\escritorio\universidad\8vo ciclo\computacion_paralela\cuda_practicas\multiprocessor_convolution_cuda\multiprocessor_convolution_cuda\x64\release\vc143.pdb
c:\users\colla\onedrive\escritorio\universidad\8vo ciclo\computacion_paralela\cuda_practicas\multiprocessor_convolution_cuda\multiprocessor_convolution_cuda\x64\release\main.obj
c:\users\colla\onedrive\escritorio\universidad\8vo ciclo\computacion_paralela\cuda_practicas\multiprocessor_convolution_cuda\multiprocessor_convolution_cuda\x64\release\kernel.cu.obj
c:\users\colla\onedrive\escritorio\universidad\8vo ciclo\computacion_paralela\cuda_practicas\multiprocessor_convolution_cuda\x64\release\multiprocessor_convolution_cuda.exe
c:\users\colla\onedrive\escritorio\universidad\8vo ciclo\computacion_paralela\cuda_practicas\multiprocessor_convolution_cuda\x64\release\multiprocessor_convolution_cuda.pdb
c:\users\colla\onedrive\escritorio\universidad\8vo ciclo\computacion_paralela\cuda_practicas\multiprocessor_convolution_cuda\x64\release\multiprocessor_convolution_cuda.lib
c:\users\colla\onedrive\escritorio\universidad\8vo ciclo\computacion_paralela\cuda_practicas\multiprocessor_convolution_cuda\x64\release\multiprocessor_convolution_cuda.exp
c:\users\colla\onedrive\escritorio\universidad\8vo ciclo\computacion_paralela\cuda_practicas\multiprocessor_convolution_cuda\multiprocessor_convolution_cuda\x64\release\multiprocessor_convolution_cuda.ipdb
c:\users\colla\onedrive\escritorio\universidad\8vo ciclo\computacion_paralela\cuda_practicas\multiprocessor_convolution_cuda\multiprocessor_convolution_cuda\x64\release\multiprocessor_convolution_cuda.iobj
c:\users\colla\onedrive\escritorio\universidad\8vo ciclo\computacion_paralela\cuda_practicas\multiprocessor_convolution_cuda\multiprocessor_convolution_cuda\x64\release\kernel.cu.cache
c:\users\colla\onedrive\escritorio\universidad\8vo ciclo\computacion_paralela\cuda_practicas\multiprocessor_convolution_cuda\multiprocessor_convolution_cuda\x64\release\multipro.a821ad9d.tlog\cl.command.1.tlog
c:\users\colla\onedrive\escritorio\universidad\8vo ciclo\computacion_paralela\cuda_practicas\multiprocessor_convolution_cuda\multiprocessor_convolution_cuda\x64\release\multipro.a821ad9d.tlog\cl.items.tlog
c:\users\colla\onedrive\escritorio\universidad\8vo ciclo\computacion_paralela\cuda_practicas\multiprocessor_convolution_cuda\multiprocessor_convolution_cuda\x64\release\multipro.a821ad9d.tlog\cl.read.1.tlog
c:\users\colla\onedrive\escritorio\universidad\8vo ciclo\computacion_paralela\cuda_practicas\multiprocessor_convolution_cuda\multiprocessor_convolution_cuda\x64\release\multipro.a821ad9d.tlog\cl.write.1.tlog
c:\users\colla\onedrive\escritorio\universidad\8vo ciclo\computacion_paralela\cuda_practicas\multiprocessor_convolution_cuda\multiprocessor_convolution_cuda\x64\release\multipro.a821ad9d.tlog\cudacompile.read.1u.tlog
c:\users\colla\onedrive\escritorio\universidad\8vo ciclo\computacion_paralela\cuda_practicas\multiprocessor_convolution_cuda\multiprocessor_convolution_cuda\x64\release\multipro.a821ad9d.tlog\cudacompile.write.1u.tlog
c:\users\colla\onedrive\escritorio\universidad\8vo ciclo\computacion_paralela\cuda_practicas\multiprocessor_convolution_cuda\multiprocessor_convolution_cuda\x64\release\multipro.a821ad9d.tlog\link.command.1.tlog
c:\users\colla\onedrive\escritorio\universidad\8vo ciclo\computacion_paralela\cuda_practicas\multiprocessor_convolution_cuda\multiprocessor_convolution_cuda\x64\release\multipro.a821ad9d.tlog\link.read.1.tlog
c:\users\colla\onedrive\escritorio\universidad\8vo ciclo\computacion_paralela\cuda_practicas\multiprocessor_convolution_cuda\multiprocessor_convolution_cuda\x64\release\multipro.a821ad9d.tlog\link.secondary.1.tlog
c:\users\colla\onedrive\escritorio\universidad\8vo ciclo\computacion_paralela\cuda_practicas\multiprocessor_convolution_cuda\multiprocessor_convolution_cuda\x64\release\multipro.a821ad9d.tlog\link.write.1.tlog
