c:\users\colla\onedrive\escritorio\universidad\8vo ciclo\computacion_paralela\cuda_practicas\multiprocessor_convolution_cuda\multiprocessor_convolution_cuda\x64\debug\vc143.pdb
c:\users\colla\onedrive\escritorio\universidad\8vo ciclo\computacion_paralela\cuda_practicas\multiprocessor_convolution_cuda\multiprocessor_convolution_cuda\x64\debug\vc143.idb
c:\users\colla\onedrive\escritorio\universidad\8vo ciclo\computacion_paralela\cuda_practicas\multiprocessor_convolution_cuda\multiprocessor_convolution_cuda\x64\debug\main.obj
c:\users\colla\onedrive\escritorio\universidad\8vo ciclo\computacion_paralela\cuda_practicas\multiprocessor_convolution_cuda\multiprocessor_convolution_cuda\x64\debug\kernels.obj
c:\users\colla\onedrive\escritorio\universidad\8vo ciclo\computacion_paralela\cuda_practicas\multiprocessor_convolution_cuda\multiprocessor_convolution_cuda\x64\debug\cpu_convolution.obj
c:\users\colla\onedrive\escritorio\universidad\8vo ciclo\computacion_paralela\cuda_practicas\multiprocessor_convolution_cuda\multiprocessor_convolution_cuda\x64\debug\gpu_convolution.cu.obj
c:\users\colla\onedrive\escritorio\universidad\8vo ciclo\computacion_paralela\cuda_practicas\multiprocessor_convolution_cuda\multiprocessor_convolution_cuda\x64\debug\kernel.cu.obj
c:\users\colla\onedrive\escritorio\universidad\8vo ciclo\computacion_paralela\cuda_practicas\multiprocessor_convolution_cuda\x64\debug\multiprocessor_convolution_cuda.exe
c:\users\colla\onedrive\escritorio\universidad\8vo ciclo\computacion_paralela\cuda_practicas\multiprocessor_convolution_cuda\x64\debug\multiprocessor_convolution_cuda.pdb
c:\users\colla\onedrive\escritorio\universidad\8vo ciclo\computacion_paralela\cuda_practicas\multiprocessor_convolution_cuda\x64\debug\multiprocessor_convolution_cuda.lib
c:\users\colla\onedrive\escritorio\universidad\8vo ciclo\computacion_paralela\cuda_practicas\multiprocessor_convolution_cuda\x64\debug\multiprocessor_convolution_cuda.exp
c:\users\colla\onedrive\escritorio\universidad\8vo ciclo\computacion_paralela\cuda_practicas\multiprocessor_convolution_cuda\multiprocessor_convolution_cuda\x64\debug\multiprocessor_convolution_cuda.ilk
c:\users\colla\onedrive\escritorio\universidad\8vo ciclo\computacion_paralela\cuda_practicas\multiprocessor_convolution_cuda\multiprocessor_convolution_cuda\x64\debug\cpu_convolution.cu.cache
c:\users\colla\onedrive\escritorio\universidad\8vo ciclo\computacion_paralela\cuda_practicas\multiprocessor_convolution_cuda\multiprocessor_convolution_cuda\x64\debug\gpu_convolution.cu.cache
c:\users\colla\onedrive\escritorio\universidad\8vo ciclo\computacion_paralela\cuda_practicas\multiprocessor_convolution_cuda\multiprocessor_convolution_cuda\x64\debug\kernel.cu.cache
c:\users\colla\onedrive\escritorio\universidad\8vo ciclo\computacion_paralela\cuda_practicas\multiprocessor_convolution_cuda\multiprocessor_convolution_cuda\x64\debug\cpu_convolution.cu.obj
c:\users\colla\onedrive\escritorio\universidad\8vo ciclo\computacion_paralela\cuda_practicas\multiprocessor_convolution_cuda\multiprocessor_convolution_cuda\x64\debug\kernels.obj.enc
c:\users\colla\onedrive\escritorio\universidad\8vo ciclo\computacion_paralela\cuda_practicas\multiprocessor_convolution_cuda\multiprocessor_convolution_cuda\x64\debug\main.obj.enc
c:\users\colla\onedrive\escritorio\universidad\8vo ciclo\computacion_paralela\cuda_practicas\multiprocessor_convolution_cuda\multiprocessor_convolution_cuda\x64\debug\multipro.a821ad9d.tlog\cl.command.1.tlog
c:\users\colla\onedrive\escritorio\universidad\8vo ciclo\computacion_paralela\cuda_practicas\multiprocessor_convolution_cuda\multiprocessor_convolution_cuda\x64\debug\multipro.a821ad9d.tlog\cl.items.tlog
c:\users\colla\onedrive\escritorio\universidad\8vo ciclo\computacion_paralela\cuda_practicas\multiprocessor_convolution_cuda\multiprocessor_convolution_cuda\x64\debug\multipro.a821ad9d.tlog\cl.read.1.tlog
c:\users\colla\onedrive\escritorio\universidad\8vo ciclo\computacion_paralela\cuda_practicas\multiprocessor_convolution_cuda\multiprocessor_convolution_cuda\x64\debug\multipro.a821ad9d.tlog\cl.write.1.tlog
c:\users\colla\onedrive\escritorio\universidad\8vo ciclo\computacion_paralela\cuda_practicas\multiprocessor_convolution_cuda\multiprocessor_convolution_cuda\x64\debug\multipro.a821ad9d.tlog\cudacompile.read.1u.tlog
c:\users\colla\onedrive\escritorio\universidad\8vo ciclo\computacion_paralela\cuda_practicas\multiprocessor_convolution_cuda\multiprocessor_convolution_cuda\x64\debug\multipro.a821ad9d.tlog\cudacompile.write.1u.tlog
c:\users\colla\onedrive\escritorio\universidad\8vo ciclo\computacion_paralela\cuda_practicas\multiprocessor_convolution_cuda\multiprocessor_convolution_cuda\x64\debug\multipro.a821ad9d.tlog\link.command.1.tlog
c:\users\colla\onedrive\escritorio\universidad\8vo ciclo\computacion_paralela\cuda_practicas\multiprocessor_convolution_cuda\multiprocessor_convolution_cuda\x64\debug\multipro.a821ad9d.tlog\link.read.1.tlog
c:\users\colla\onedrive\escritorio\universidad\8vo ciclo\computacion_paralela\cuda_practicas\multiprocessor_convolution_cuda\multiprocessor_convolution_cuda\x64\debug\multipro.a821ad9d.tlog\link.secondary.1.tlog
c:\users\colla\onedrive\escritorio\universidad\8vo ciclo\computacion_paralela\cuda_practicas\multiprocessor_convolution_cuda\multiprocessor_convolution_cuda\x64\debug\multipro.a821ad9d.tlog\link.write.1.tlog
